1  docker stop centos7
    2  docker start centos7
    3  docker stop centos7
    4  exit
    5  ls
    6  ls /usr
    7  pwd
    8  cd ~
    9  ls
   10  cd /
   11  ls
   12  cd -
   13  ls
   14  cd .
   15  ls
   16  cd ..
   17  ls
   18  cd ../../
   19  ls
   20  cd /root
   21  cd usr
   22  cd /usr
   23  pwd
   24  cd home
   25  cd /home
   26  mkdir test1
   27  ls
   28  mkdir -p test2/test3
   29  ls
   30  cd test2
   31  ls
   32  cd /home
   33  touch test1/index.php
   34  ls
   35  ls test1
   36  cd /home/test1 && ls
   37  cd /home/test1
   38  cp index.php copy.php
   39  ls test1
   40  ls
   41  cp -r test1 test4
   42  cd /home
   43  cp -r test1 test4
   44  ls test4
   45  mv test2/test3 test3
   46  ls
   47  mv test4 test1_copy
   48  ls
   49  ls test1
   50  rm test1/copy.php 
   51  ls
   52  ls test1
   53  rm -r test3
   54  ls
   55  rm -r test3
   56  ls
   57  ls test1_copy/
   58  rm test1_copy/*.php
   59  ls test1_copy/
   60  ls
   61  ls test1
   62  cat README.md
   63  cd /
   64  cat README.md
   65  ls
   66  cd home
   67  echo '# Hello World' > README.md
   68  cat README.md
   69  echo '# Server Lesson' > README.md
   70  cat README.md
   71  echo 'Linux Practice' >> README.md
   72  echo '-----------------' >> README.md
   73  cat README.md
   74  vi README.md
   75  cd /root
   76  ls
   77  mkdir server_lesson && cd server_lesson
   78  ls
   79  yum update -y && yum -y install git
   80  git version
   81  git init
   82  touch first.txt
   83  ls
   84  mkdir -p linux_practice1/public
   85  ls
   86  cd linux_practice1/
   87  ls
   88  cd public
   89  ls
   90  touch index.php
   91  ls
   92  cd index.php index_bk.php
   93  cp index.php index_bk.php
   94  ls
   95  cd /
   96  ls
   97  cd /root
   98  ls
   99  cd server_lesson/
  100  ls
  101  cd linux_practice1/
  102  ls
  103  cp public tmp
  104  ls
  105  cp -r public tmp
  106  ls
  107  cd tmp/
  108  rm index_bk.php
  109  ls
  110  cd ./
  111  ls
  112  cd .
  113  ls
  114  cd?../../
  115  ls
  116  cd /root
  117  ls
  118  cd server_lesson/
  119  ls
  120  touch README.md
  121  ls
  122  cd README.md 
  123  ls
  124  cd README.md 
  125  ls
  126  vi README.md 
  127  cat README.md 
  128  mkdir -p linux_practice2/documents
  129  ls
  130  cd linux_practice2
  131  ls
  132  cd documents/
  133  touch gizumo{01..50}.md
  134  ls
  135  cd /linux_practice2
  136  cd /root
  137  ls
  138  cd server_lesson/
  139  ls
  140  cd linux_practice2
  141  mkdir trash
  142  ls
  143  cd ./
  144  cd ../
  145  ls
  146  cd linux_practice2
  147  ls
  148  mv documents/gizumo{20..40}.md trash
  149  ls
  150  cd trash
  151  ls
  152  cd ../
  153  touch .gitignore
  154  ls
  155  touch .gitignore
  156  ls
  157  ls -a
  158  cd trash/
  159  ls
  160  cd ../
  161  ls
  162  ls -a
  163  cd .gitignore 
  164  vi .gitignore 
  165  ls
  166  ls .gitignore 
  167  cat .gitignore 
  168  vi .gitignore 
  169  ls
  170  cat .gitignore 
  171  git status
  172  mkdir exec_command.log
  173  ls
  174  history 300
  175  ls
  176  cd exec_command.log/
  177  cd ../
  178  vi exec_command.log/
  179  rm exec_command.log/
  180  ls
  181  rm exec_command.log/
  182  rm -r exec_command.log/
  183  ls
  184  rm -r exec_command.log/
  185  ls
  186  touch exec_command.log
  187  ls
  188  vi exec_command.log 
  189  history 300
